<?xml version="1.0" encoding="UTF-8"?>
<!-- Generated by org.testng.reporters.JUnitXMLReporter -->
<testsuite hostname="DESKTOP-E3UIEB7" name="Edgetest" tests="1" failures="0" timestamp="14 Aug 2020 06:27:42 GMT" time="6.384" errors="0">
  <testcase name="@BeforeClass setUpMethod" time="0.0" classname="navigate.CrossbrowserParrallel">
    <failure type="io.github.bonigarcia.wdm.config.WebDriverManagerException" message="io.github.bonigarcia.wdm.config.WebDriverManagerException: msedgedriver 84.0.522.59 for WIN 64 not found in https://msedgedriver.azureedge.net/">
      <![CDATA[io.github.bonigarcia.wdm.config.WebDriverManagerException: io.github.bonigarcia.wdm.config.WebDriverManagerException: msedgedriver 84.0.522.59 for WIN 64 not found in https://msedgedriver.azureedge.net/
	at io.github.bonigarcia.wdm.WebDriverManager.handleException(WebDriverManager.java:725)
	at io.github.bonigarcia.wdm.WebDriverManager.manage(WebDriverManager.java:531)
	at io.github.bonigarcia.wdm.WebDriverManager.handleException(WebDriverManager.java:722)
	at io.github.bonigarcia.wdm.WebDriverManager.manage(WebDriverManager.java:531)
	at io.github.bonigarcia.wdm.WebDriverManager.setup(WebDriverManager.java:277)
	at navigate.CrossbrowserParrallel.setUpMethod(CrossbrowserParrallel.java:65)
	at java.util.concurrent.FutureTask.run(Unknown Source)
	at java.util.concurrent.ThreadPoolExecutor.runWorker(Unknown Source)
	at java.util.concurrent.ThreadPoolExecutor$Worker.run(Unknown Source)
	at java.lang.Thread.run(Unknown Source)
Caused by: io.github.bonigarcia.wdm.config.WebDriverManagerException: msedgedriver 84.0.522.59 for WIN 64 not found in https://msedgedriver.azureedge.net/
	at io.github.bonigarcia.wdm.WebDriverManager.noCandidateUrlFound(WebDriverManager.java:607)
	at io.github.bonigarcia.wdm.WebDriverManager.createUrlHandler(WebDriverManager.java:756)
	at io.github.bonigarcia.wdm.WebDriverManager.download(WebDriverManager.java:593)
	at io.github.bonigarcia.wdm.WebDriverManager.manage(WebDriverManager.java:525)
	... 24 more
... Removed 16 stack frames]]>
    </failure>
  </testcase> <!-- @BeforeClass setUpMethod -->
  <testcase name="@AfterClass teardown" time="0.0" classname="navigate.CrossbrowserParrallel">
    <skipped/>
  </testcase> <!-- @AfterClass teardown -->
  <testcase name="test1" time="0.001" classname="navigate.CrossbrowserParrallel">
    <skipped/>
  </testcase> <!-- test1 -->
</testsuite> <!-- Edgetest -->
