<?xml version="1.0" encoding="UTF-8"?>
<!-- Generated by org.testng.reporters.JUnitXMLReporter -->
<testsuite hostname="DESKTOP-E3UIEB7" name="Test" tests="3" failures="0" timestamp="29 Aug 2020 15:52:26 GMT" time="0.04" errors="0">
  <testcase name="testcase1" time="0.01" classname="com.TestngListners.IAnnotationTransform.FactoryAnnotationTransformerExample"/>
  <testcase name="testcase1" time="0.003" classname="com.TestngListners.IAnnotationTransform.FactoryAnnotationTransformerExample"/>
  <testcase name="testcase1" time="0.002" classname="com.TestngListners.IAnnotationTransform.FactoryAnnotationTransformerExample"/>
</testsuite> <!-- Test -->
