<?xml version="1.0" encoding="UTF-8"?>
<testng-results skipped="0" failed="0" total="1" passed="1">
  <reporter-output>
  </reporter-output>
  <suite name="Default suite" duration-ms="26" started-at="2021-02-21T07:48:56Z" finished-at="2021-02-21T07:48:56Z">
    <groups>
    </groups>
    <test name="Default test" duration-ms="26" started-at="2021-02-21T07:48:56Z" finished-at="2021-02-21T07:48:56Z">
      <class name="com.Tesng.Annotations.CompleteTestngAnnotations">
        <test-method status="PASS" signature="beforeSuite()[pri:0, instance:com.Tesng.Annotations.CompleteTestngAnnotations@7920ba90]" name="beforeSuite" is-config="true" duration-ms="15" started-at="2021-02-21T13:18:56Z" finished-at="2021-02-21T13:18:56Z">
          <reporter-output>
          </reporter-output>
        </test-method> <!-- beforeSuite -->
        <test-method status="PASS" signature="beforeTest()[pri:0, instance:com.Tesng.Annotations.CompleteTestngAnnotations@7920ba90]" name="beforeTest" is-config="true" duration-ms="1" started-at="2021-02-21T13:18:56Z" finished-at="2021-02-21T13:18:56Z">
          <reporter-output>
          </reporter-output>
        </test-method> <!-- beforeTest -->
        <test-method status="PASS" signature="beforeClass()[pri:0, instance:com.Tesng.Annotations.CompleteTestngAnnotations@7920ba90]" name="beforeClass" is-config="true" duration-ms="0" started-at="2021-02-21T13:18:56Z" finished-at="2021-02-21T13:18:56Z">
          <reporter-output>
          </reporter-output>
        </test-method> <!-- beforeClass -->
        <test-method status="PASS" signature="test1()[pri:0, instance:com.Tesng.Annotations.CompleteTestngAnnotations@7920ba90]" name="test1" duration-ms="7" started-at="2021-02-21T13:18:56Z" finished-at="2021-02-21T13:18:56Z">
          <reporter-output>
          </reporter-output>
        </test-method> <!-- test1 -->
        <test-method status="PASS" signature="beforeMethod()[pri:0, instance:com.Tesng.Annotations.CompleteTestngAnnotations@7920ba90]" name="beforeMethod" is-config="true" duration-ms="0" started-at="2021-02-21T13:18:56Z" finished-at="2021-02-21T13:18:56Z">
          <reporter-output>
          </reporter-output>
        </test-method> <!-- beforeMethod -->
        <test-method status="PASS" signature="afterMethod()[pri:0, instance:com.Tesng.Annotations.CompleteTestngAnnotations@7920ba90]" name="afterMethod" is-config="true" duration-ms="1" started-at="2021-02-21T13:18:56Z" finished-at="2021-02-21T13:18:56Z">
          <reporter-output>
          </reporter-output>
        </test-method> <!-- afterMethod -->
        <test-method status="PASS" signature="afterClass()[pri:0, instance:com.Tesng.Annotations.CompleteTestngAnnotations@7920ba90]" name="afterClass" is-config="true" duration-ms="0" started-at="2021-02-21T13:18:56Z" finished-at="2021-02-21T13:18:56Z">
          <reporter-output>
          </reporter-output>
        </test-method> <!-- afterClass -->
        <test-method status="PASS" signature="afterTest()[pri:0, instance:com.Tesng.Annotations.CompleteTestngAnnotations@7920ba90]" name="afterTest" is-config="true" duration-ms="2" started-at="2021-02-21T13:18:56Z" finished-at="2021-02-21T13:18:56Z">
          <reporter-output>
          </reporter-output>
        </test-method> <!-- afterTest -->
        <test-method status="PASS" signature="afterSuite()[pri:0, instance:com.Tesng.Annotations.CompleteTestngAnnotations@7920ba90]" name="afterSuite" is-config="true" duration-ms="0" started-at="2021-02-21T13:18:56Z" finished-at="2021-02-21T13:18:56Z">
          <reporter-output>
          </reporter-output>
        </test-method> <!-- afterSuite -->
      </class> <!-- com.Tesng.Annotations.CompleteTestngAnnotations -->
    </test> <!-- Default test -->
  </suite> <!-- Default suite -->
</testng-results>
