<?xml version="1.0" encoding="UTF-8"?>
<!-- Generated by org.testng.reporters.JUnitXMLReporter -->
<testsuite ignored="11" hostname="kali" failures="0" tests="1" name="Default test" time="0.074" errors="0" timestamp="2021-06-05T10:14:23 IST">
  <testcase classname="com.java.practice.qaJavaPrograms.Practice1" name="maxCovergagePokeType" time="0.017"/>
  <testcase classname="com.java.practice.qaJavaPrograms.Practice1" name="noOfVowelsAndConstants" time="0.0">
    <ignored/>
  </testcase> <!-- noOfVowelsAndConstants -->
  <testcase classname="com.java.practice.qaJavaPrograms.Practice1" name="extractNumberFromString" time="0.0">
    <ignored/>
  </testcase> <!-- extractNumberFromString -->
  <testcase classname="com.java.practice.qaJavaPrograms.Practice1" name="regex" time="0.0">
    <ignored/>
  </testcase> <!-- regex -->
  <testcase classname="com.java.practice.qaJavaPrograms.Practice1" name="anagram" time="0.0">
    <ignored/>
  </testcase> <!-- anagram -->
  <testcase classname="com.java.practice.qaJavaPrograms.Practice1" name="printCharacters" time="0.0">
    <ignored/>
  </testcase> <!-- printCharacters -->
  <testcase classname="com.java.practice.qaJavaPrograms.Practice1" name="printPunctuationChar" time="0.0">
    <ignored/>
  </testcase> <!-- printPunctuationChar -->
  <testcase classname="com.java.practice.qaJavaPrograms.Practice1" name="stringPool" time="0.0">
    <ignored/>
  </testcase> <!-- stringPool -->
  <testcase classname="com.java.practice.qaJavaPrograms.Practice1" name="waitWithoutThreadsleep" time="0.0">
    <ignored/>
  </testcase> <!-- waitWithoutThreadsleep -->
  <testcase classname="com.java.practice.qaJavaPrograms.Practice1" name="regexExtractStringfromSignleQuotes" time="0.0">
    <ignored/>
  </testcase> <!-- regexExtractStringfromSignleQuotes -->
  <testcase classname="com.java.practice.qaJavaPrograms.Practice1" name="javaMemoryTypes" time="0.0">
    <ignored/>
  </testcase> <!-- javaMemoryTypes -->
  <testcase classname="com.java.practice.qaJavaPrograms.Practice1" name="primeNumbers" time="0.0">
    <ignored/>
  </testcase> <!-- primeNumbers -->
</testsuite> <!-- Default test -->
